#
# There is insufficient memory for the Java Runtime Environment to continue.
# Native memory allocation (malloc) failed to allocate 32744 bytes for ChunkPool::allocate
# Possible reasons:
#   The system is out of physical RAM or swap space
#   In 32 bit mode, the process size limit was hit
# Possible solutions:
#   Reduce memory load on the system
#   Increase physical memory or swap space
#   Check if swap backing store is full
#   Use 64 bit Java on a 64 bit OS
#   Decrease Java heap size (-Xmx/-Xms)
#   Decrease number of Java threads
#   Decrease Java thread stack sizes (-Xss)
#   Set larger code cache with -XX:ReservedCodeCacheSize=
# This output file may be truncated or incomplete.
#
#  Out of Memory Error (allocation.cpp:273), pid=12316, tid=12396
#
# JRE version: Java(TM) SE Runtime Environment (8.0_45-b15) (build 1.8.0_45-b15)
# Java VM: Java HotSpot(TM) 64-Bit Server VM (25.45-b02 mixed mode windows-amd64 compressed oops)
# Failed to write core dump. Minidumps are not enabled by default on client versions of Windows
#

---------------  T H R E A D  ---------------

Current thread (0x00000000577d4000):  JavaThread "C1 CompilerThread2" daemon [_thread_in_vm, id=12396, stack(0x0000000058410000,0x0000000058510000)]

Stack: [0x0000000058410000,0x0000000058510000]
Native frames: (J=compiled Java code, j=interpreted, Vv=VM code, C=native code)
V  [jvm.dll+0x32b57a]


Current CompileTask:
C1:5589743 26309       1       com.android.build.gradle.internal.dsl.Splits::getDensity (5 bytes)


---------------  P R O C E S S  ---------------

Java Threads: ( => current thread )
  0x0000000063db0800 JavaThread "Build operations Thread 4" [_thread_blocked, id=8304, stack(0x0000000064410000,0x0000000064510000)]
  0x0000000063db0000 JavaThread "Build operations Thread 3" [_thread_blocked, id=10460, stack(0x0000000064050000,0x0000000064150000)]
  0x000000005a2e3800 JavaThread "Build operations Thread 2" [_thread_blocked, id=11360, stack(0x0000000062df0000,0x0000000062ef0000)]
  0x000000005a2e4000 JavaThread "Build operations" [_thread_blocked, id=12576, stack(0x0000000060450000,0x0000000060550000)]
  0x000000005a2df000 JavaThread "Cache worker for Artifact transforms cache (C:\Users\feixiang\.gradle\caches\transforms-1)" [_thread_blocked, id=13140, stack(0x0000000060120000,0x0000000060220000)]
  0x000000005a2e5800 JavaThread "Cache worker for file hash cache (D:\Android\project\CallNumber\.gradle\4.6\fileHashes)" [_thread_blocked, id=13156, stack(0x000000005c150000,0x000000005c250000)]
  0x000000005a2e5000 JavaThread "Stdin handler" [_thread_blocked, id=9220, stack(0x000000005f0a0000,0x000000005f1a0000)]
  0x000000005a622000 JavaThread "Asynchronous log dispatcher for DefaultDaemonConnection: socket connection from /127.0.0.1:60055 to /127.0.0.1:51980" [_thread_blocked, id=13052, stack(0x000000005c800000,0x000000005c900000)]
  0x000000005a621800 JavaThread "Daemon worker Thread 6" [_thread_in_vm, id=4500, stack(0x000000005ffd0000,0x00000000600d0000)]
  0x000000005a61e800 JavaThread "Cancel handler" [_thread_blocked, id=6252, stack(0x000000005dd70000,0x000000005de70000)]
  0x000000005a623000 JavaThread "Handler for socket connection from /127.0.0.1:60055 to /127.0.0.1:51980" [_thread_in_native, id=10612, stack(0x000000005be80000,0x000000005bf80000)]
  0x000000005a61d000 JavaThread "Daemon Thread 6" [_thread_blocked, id=10868, stack(0x0000000057f10000,0x0000000058010000)]
  0x000000005a620800 JavaThread "Java2D Disposer" daemon [_thread_blocked, id=9436, stack(0x000000005c040000,0x000000005c140000)]
  0x000000005a05b800 JavaThread "Memory manager" [_thread_blocked, id=12812, stack(0x0000000062530000,0x0000000062630000)]
  0x000000005a05b000 JavaThread "pool-1-thread-1" [_thread_blocked, id=12808, stack(0x0000000061df0000,0x0000000061ef0000)]
  0x0000000059ac6800 JavaThread "File lock request listener" [_thread_in_native, id=12500, stack(0x000000005c690000,0x000000005c790000)]
  0x0000000059f85000 JavaThread "Cache worker for file hash cache (C:\Users\feixiang\.gradle\caches\4.6\fileHashes)" [_thread_blocked, id=12496, stack(0x000000005c4e0000,0x000000005c5e0000)]
  0x0000000059504800 JavaThread "Daemon periodic checks" [_thread_blocked, id=12456, stack(0x000000005b6e0000,0x000000005b7e0000)]
  0x0000000059ce3000 JavaThread "Incoming local TCP Connector on port 60055" [_thread_in_native, id=12452, stack(0x000000005b4b0000,0x000000005b5b0000)]
  0x0000000059c0b800 JavaThread "Daemon health stats" [_thread_blocked, id=12444, stack(0x000000005af20000,0x000000005b020000)]
  0x000000005782d800 JavaThread "Service Thread" daemon [_thread_blocked, id=12400, stack(0x00000000581a0000,0x00000000582a0000)]
=>0x00000000577d4000 JavaThread "C1 CompilerThread2" daemon [_thread_in_vm, id=12396, stack(0x0000000058410000,0x0000000058510000)]
  0x00000000577cb000 JavaThread "C2 CompilerThread1" daemon [_thread_in_native, id=12392, stack(0x00000000582a0000,0x00000000583a0000)]
  0x000000005657f000 JavaThread "C2 CompilerThread0" daemon [_thread_in_native, id=12388, stack(0x0000000058030000,0x0000000058130000)]
  0x000000005657d800 JavaThread "Attach Listener" daemon [_thread_blocked, id=12384, stack(0x0000000057df0000,0x0000000057ef0000)]
  0x0000000056571000 JavaThread "Signal Dispatcher" daemon [_thread_blocked, id=12380, stack(0x0000000057bf0000,0x0000000057cf0000)]
  0x0000000056518000 JavaThread "Finalizer" daemon [_thread_blocked, id=12372, stack(0x00000000576c0000,0x00000000577c0000)]
  0x0000000056511000 JavaThread "Reference Handler" daemon [_thread_blocked, id=12368, stack(0x00000000575a0000,0x00000000576a0000)]
  0x000000000246f800 JavaThread "main" [_thread_blocked, id=12344, stack(0x00000000027d0000,0x00000000028d0000)]

Other Threads:
  0x000000005650b800 VMThread [stack: 0x0000000057420000,0x0000000057520000] [id=12364]
  0x0000000057830000 WatcherThread [stack: 0x0000000058610000,0x0000000058710000] [id=12404]

VM state:not at safepoint (normal execution)

VM Mutex/Monitor currently owned by a thread: None

Heap:
 PSYoungGen      total 338432K, used 288663K [0x00000000e0000000, 0x0000000100000000, 0x0000000100000000)
  eden space 273408K, 81% used [0x00000000e0000000,0x00000000eda6baf0,0x00000000f0b00000)
  from space 65024K, 99% used [0x00000000f0b00000,0x00000000f4a7a308,0x00000000f4a80000)
  to   space 126976K, 0% used [0x00000000f8400000,0x00000000f8400000,0x0000000100000000)
 ParOldGen       total 367104K, used 172256K [0x00000000a0000000, 0x00000000b6680000, 0x00000000e0000000)
  object space 367104K, 46% used [0x00000000a0000000,0x00000000aa8382a8,0x00000000b6680000)
 Metaspace       used 99154K, capacity 103374K, committed 105216K, reserved 1140736K
  class space    used 12501K, capacity 13366K, committed 13824K, reserved 1048576K

Card table byte_map: [0x0000000011c90000,0x0000000011fa0000] byte_map_base: 0x0000000011790000

Marking Bits: (ParMarkBitMap*) 0x00000000706c4040
 Begin Bits: [0x0000000012880000, 0x0000000014080000)
 End Bits:   [0x0000000014080000, 0x0000000015880000)

Polling page: 0x0000000001ca0000

CodeCache: size=245760Kb used=70427Kb max_used=71367Kb free=175332Kb
 bounds [0x00000000028d0000, 0x0000000006ef0000, 0x00000000118d0000]
 total_blobs=21327 nmethods=20340 adapters=896
 compilation: enabled

Compilation events (10 events):
Event: 5588.794 Thread 0x00000000577d4000 nmethod 26304 0x0000000002bf7990 code [0x0000000002bf7b00, 0x0000000002bf7df0]
Event: 5588.794 Thread 0x00000000577d4000 26305       3       org.gradle.api.internal.file.copy.DefaultCopySpec$DefaultCopySpecAddress::<init> (26 bytes)
Event: 5588.794 Thread 0x00000000577d4000 nmethod 26305 0x00000000040ef150 code [0x00000000040ef2a0, 0x00000000040ef490]
Event: 5588.794 Thread 0x00000000577d4000 26307       1       org.gradle.api.reporting.internal.SimpleReport::getName (5 bytes)
Event: 5588.795 Thread 0x00000000577d4000 nmethod 26307 0x00000000040f84d0 code [0x00000000040f8620, 0x00000000040f8730]
Event: 5588.795 Thread 0x00000000577d4000 26306       1       com.android.build.gradle.internal.transforms.MergeJavaResourcesTransform::getScopes (5 bytes)
Event: 5588.795 Thread 0x00000000577d4000 nmethod 26306 0x00000000040f8210 code [0x00000000040f8360, 0x00000000040f8470]
Event: 5588.796 Thread 0x00000000577d4000 26308       3       com.android.build.gradle.internal.pipeline.OriginalStream$Builder::setArtifactCollection (45 bytes)
Event: 5588.797 Thread 0x00000000577d4000 nmethod 26308 0x00000000047e3ed0 code [0x00000000047e4060, 0x00000000047e4528]
Event: 5588.822 Thread 0x00000000577d4000 26309       1       com.android.build.gradle.internal.dsl.Splits::getDensity (5 bytes)

GC Heap History (10 events):
Event: 5344.220 GC heap before
{Heap before GC invocations=42 (full 4):
 PSYoungGen      total 481792K, used 450796K [0x00000000e0000000, 0x0000000100000000, 0x0000000100000000)
  eden space 446464K, 100% used [0x00000000e0000000,0x00000000fb400000,0x00000000fb400000)
  from space 35328K, 12% used [0x00000000fb400000,0x00000000fb83b200,0x00000000fd680000)
  to   space 34304K, 0% used [0x00000000fde80000,0x00000000fde80000,0x0000000100000000)
 ParOldGen       total 181248K, used 70814K [0x00000000a0000000, 0x00000000ab100000, 0x00000000e0000000)
  object space 181248K, 39% used [0x00000000a0000000,0x00000000a4527b98,0x00000000ab100000)
 Metaspace       used 99558K, capacity 104170K, committed 104320K, reserved 1140736K
  class space    used 12707K, capacity 13685K, committed 13696K, reserved 1048576K
Event: 5344.278 GC heap after
Heap after GC invocations=42 (full 4):
 PSYoungGen      total 487936K, used 20020K [0x00000000e0000000, 0x0000000100000000, 0x0000000100000000)
  eden space 453632K, 0% used [0x00000000e0000000,0x00000000e0000000,0x00000000fbb00000)
  from space 34304K, 58% used [0x00000000fde80000,0x00000000ff20d120,0x0000000100000000)
  to   space 35328K, 0% used [0x00000000fbb00000,0x00000000fbb00000,0x00000000fdd80000)
 ParOldGen       total 181248K, used 71597K [0x00000000a0000000, 0x00000000ab100000, 0x00000000e0000000)
  object space 181248K, 39% used [0x00000000a0000000,0x00000000a45eb6e8,0x00000000ab100000)
 Metaspace       used 99558K, capacity 104170K, committed 104320K, reserved 1140736K
  class space    used 12707K, capacity 13685K, committed 13696K, reserved 1048576K
}
Event: 5434.624 GC heap before
{Heap before GC invocations=43 (full 4):
 PSYoungGen      total 487936K, used 473652K [0x00000000e0000000, 0x0000000100000000, 0x0000000100000000)
  eden space 453632K, 100% used [0x00000000e0000000,0x00000000fbb00000,0x00000000fbb00000)
  from space 34304K, 58% used [0x00000000fde80000,0x00000000ff20d120,0x0000000100000000)
  to   space 35328K, 0% used [0x00000000fbb00000,0x00000000fbb00000,0x00000000fdd80000)
 ParOldGen       total 181248K, used 71597K [0x00000000a0000000, 0x00000000ab100000, 0x00000000e0000000)
  object space 181248K, 39% used [0x00000000a0000000,0x00000000a45eb6e8,0x00000000ab100000)
 Metaspace       used 100246K, capacity 104990K, committed 105216K, reserved 1140736K
  class space    used 12780K, capacity 13755K, committed 13824K, reserved 1048576K
Event: 5434.719 GC heap after
Heap after GC invocations=43 (full 4):
 PSYoungGen      total 488960K, used 35298K [0x00000000e0000000, 0x0000000100000000, 0x0000000100000000)
  eden space 453632K, 0% used [0x00000000e0000000,0x00000000e0000000,0x00000000fbb00000)
  from space 35328K, 99% used [0x00000000fbb00000,0x00000000fdd78a30,0x00000000fdd80000)
  to   space 35328K, 0% used [0x00000000fdd80000,0x00000000fdd80000,0x0000000100000000)
 ParOldGen       total 181248K, used 91079K [0x00000000a0000000, 0x00000000ab100000, 0x00000000e0000000)
  object space 181248K, 50% used [0x00000000a0000000,0x00000000a58f1c50,0x00000000ab100000)
 Metaspace       used 100246K, capacity 104990K, committed 105216K, reserved 1140736K
  class space    used 12780K, capacity 13755K, committed 13824K, reserved 1048576K
}
Event: 5445.650 GC heap before
{Heap before GC invocations=44 (full 4):
 PSYoungGen      total 488960K, used 488930K [0x00000000e0000000, 0x0000000100000000, 0x0000000100000000)
  eden space 453632K, 100% used [0x00000000e0000000,0x00000000fbb00000,0x00000000fbb00000)
  from space 35328K, 99% used [0x00000000fbb00000,0x00000000fdd78a30,0x00000000fdd80000)
  to   space 35328K, 0% used [0x00000000fdd80000,0x00000000fdd80000,0x0000000100000000)
 ParOldGen       total 181248K, used 91079K [0x00000000a0000000, 0x00000000ab100000, 0x00000000e0000000)
  object space 181248K, 50% used [0x00000000a0000000,0x00000000a58f1c50,0x00000000ab100000)
 Metaspace       used 100320K, capacity 105118K, committed 105216K, reserved 1140736K
  class space    used 12786K, capacity 13755K, committed 13824K, reserved 1048576K
Event: 5446.096 GC heap after
Heap after GC invocations=44 (full 4):
 PSYoungGen      total 308736K, used 35308K [0x00000000e0000000, 0x0000000100000000, 0x0000000100000000)
  eden space 273408K, 0% used [0x00000000e0000000,0x00000000e0000000,0x00000000f0b00000)
  from space 35328K, 99% used [0x00000000fdd80000,0x00000000ffffb278,0x0000000100000000)
  to   space 125440K, 0% used [0x00000000f0b00000,0x00000000f0b00000,0x00000000f8580000)
 ParOldGen       total 287744K, used 287664K [0x00000000a0000000, 0x00000000b1900000, 0x00000000e0000000)
  object space 287744K, 99% used [0x00000000a0000000,0x00000000b18ec038,0x00000000b1900000)
 Metaspace       used 100320K, capacity 105118K, committed 105216K, reserved 1140736K
  class space    used 12786K, capacity 13755K, committed 13824K, reserved 1048576K
}
Event: 5446.096 GC heap before
{Heap before GC invocations=45 (full 5):
 PSYoungGen      total 308736K, used 35308K [0x00000000e0000000, 0x0000000100000000, 0x0000000100000000)
  eden space 273408K, 0% used [0x00000000e0000000,0x00000000e0000000,0x00000000f0b00000)
  from space 35328K, 99% used [0x00000000fdd80000,0x00000000ffffb278,0x0000000100000000)
  to   space 125440K, 0% used [0x00000000f0b00000,0x00000000f0b00000,0x00000000f8580000)
 ParOldGen       total 287744K, used 287664K [0x00000000a0000000, 0x00000000b1900000, 0x00000000e0000000)
  object space 287744K, 99% used [0x00000000a0000000,0x00000000b18ec038,0x00000000b1900000)
 Metaspace       used 100320K, capacity 105118K, committed 105216K, reserved 1140736K
  class space    used 12786K, capacity 13755K, committed 13824K, reserved 1048576K
Event: 5447.622 GC heap after
Heap after GC invocations=45 (full 5):
 PSYoungGen      total 308736K, used 0K [0x00000000e0000000, 0x0000000100000000, 0x0000000100000000)
  eden space 273408K, 0% used [0x00000000e0000000,0x00000000e0000000,0x00000000f0b00000)
  from space 35328K, 0% used [0x00000000fdd80000,0x00000000fdd80000,0x0000000100000000)
  to   space 125440K, 0% used [0x00000000f0b00000,0x00000000f0b00000,0x00000000f8580000)
 ParOldGen       total 367104K, used 172248K [0x00000000a0000000, 0x00000000b6680000, 0x00000000e0000000)
  object space 367104K, 46% used [0x00000000a0000000,0x00000000aa8362a8,0x00000000b6680000)
 Metaspace       used 98631K, capacity 102786K, committed 105216K, reserved 1140736K
  class space    used 12456K, capacity 13314K, committed 13824K, reserved 1048576K
}
Event: 5450.270 GC heap before
{Heap before GC invocations=46 (full 5):
 PSYoungGen      total 308736K, used 267111K [0x00000000e0000000, 0x0000000100000000, 0x0000000100000000)
  eden space 273408K, 97% used [0x00000000e0000000,0x00000000f04d9e68,0x00000000f0b00000)
  from space 35328K, 0% used [0x00000000fdd80000,0x00000000fdd80000,0x0000000100000000)
  to   space 125440K, 0% used [0x00000000f0b00000,0x00000000f0b00000,0x00000000f8580000)
 ParOldGen       total 367104K, used 172248K [0x00000000a0000000, 0x00000000b6680000, 0x00000000e0000000)
  object space 367104K, 46% used [0x00000000a0000000,0x00000000aa8362a8,0x00000000b6680000)
 Metaspace       used 98741K, capacity 102914K, committed 105216K, reserved 1140736K
  class space    used 12456K, capacity 13314K, committed 13824K, reserved 1048576K
Event: 5450.411 GC heap after
Heap after GC invocations=46 (full 5):
 PSYoungGen      total 338432K, used 65000K [0x00000000e0000000, 0x0000000100000000, 0x0000000100000000)
  eden space 273408K, 0% used [0x00000000e0000000,0x00000000e0000000,0x00000000f0b00000)
  from space 65024K, 99% used [0x00000000f0b00000,0x00000000f4a7a308,0x00000000f4a80000)
  to   space 126976K, 0% used [0x00000000f8400000,0x00000000f8400000,0x0000000100000000)
 ParOldGen       total 367104K, used 172256K [0x00000000a0000000, 0x00000000b6680000, 0x00000000e0000000)
  object space 367104K, 46% used [0x00000000a0000000,0x00000000aa8382a8,0x00000000b6680000)
 Metaspace       used 98741K, capacity 102914K, committed 105216K, reserved 1140736K
  class space    used 12456K, capacity 13314K, committed 13824K, reserved 1048576K
}

Deoptimization events (10 events):
Event: 5456.815 Thread 0x0000000063db0000 Uncommon trap: reason=class_check action=maybe_recompile pc=0x0000000004af9620 method=com.google.common.collect.AbstractMapBasedMultimap$WrappedCollection.refreshIfEmpty()V @ 40
Event: 5456.815 Thread 0x0000000063db0000 Uncommon trap: reason=bimorphic action=maybe_recompile pc=0x0000000002f770e4 method=com.google.common.collect.AbstractMapBasedMultimap$WrappedCollection.refreshIfEmpty()V @ 40
Event: 5456.825 Thread 0x0000000063db0000 Uncommon trap: reason=array_check action=maybe_recompile pc=0x0000000004d60410 method=java.util.ComparableTimSort.mergeHi(IIII)V @ 245
Event: 5456.825 Thread 0x0000000063db0000 Uncommon trap: reason=array_check action=maybe_recompile pc=0x0000000004d60480 method=java.util.ComparableTimSort.mergeHi(IIII)V @ 277
Event: 5456.825 Thread 0x0000000063db0000 Uncommon trap: reason=array_check action=maybe_recompile pc=0x0000000004d60410 method=java.util.ComparableTimSort.mergeHi(IIII)V @ 245
Event: 5456.840 Thread 0x0000000063db0000 Uncommon trap: reason=unstable_if action=reinterpret pc=0x0000000004b9c7a8 method=java.util.TimSort.mergeLo(IIII)V @ 513
Event: 5587.157 Thread 0x000000005a621800 Uncommon trap: reason=array_check action=maybe_recompile pc=0x0000000002e5c934 method=com.google.common.collect.ImmutableSet.construct(I[Ljava/lang/Object;)Lcom/google/common/collect/ImmutableSet; @ 122
Event: 5587.262 Thread 0x000000005a621800 Uncommon trap: reason=array_check action=maybe_recompile pc=0x0000000002e5c934 method=com.google.common.collect.ImmutableSet.construct(I[Ljava/lang/Object;)Lcom/google/common/collect/ImmutableSet; @ 122
Event: 5587.426 Thread 0x000000005a621800 Uncommon trap: reason=array_check action=maybe_recompile pc=0x0000000002e5c934 method=com.google.common.collect.ImmutableSet.construct(I[Ljava/lang/Object;)Lcom/google/common/collect/ImmutableSet; @ 122
Event: 5587.476 Thread 0x000000005a621800 Uncommon trap: reason=array_check action=maybe_recompile pc=0x0000000002e5c934 method=com.google.common.collect.ImmutableSet.construct(I[Ljava/lang/Object;)Lcom/google/common/collect/ImmutableSet; @ 122

Internal exceptions (10 events):
Event: 5458.293 Thread 0x0000000063db0000 Exception <a 'sun/nio/fs/WindowsException'> (0x00000000ea16cab0) thrown at [C:\re\workspace\8-2-build-windows-amd64-cygwin\jdk8u45\3627\hotspot\src\share\vm\prims\jni.cpp, line 709]
Event: 5586.903 Thread 0x000000005a623000 Exception <a 'java/lang/NoSuchMethodError': <clinit>> (0x00000000ec957780) thrown at [C:\re\workspace\8-2-build-windows-amd64-cygwin\jdk8u45\3627\hotspot\src\share\vm\prims\jni.cpp, line 1598]
Event: 5587.262 Thread 0x000000005a621800 Exception <a 'java/lang/NoSuchMethodError': <clinit>> (0x00000000ecc2b9e8) thrown at [C:\re\workspace\8-2-build-windows-amd64-cygwin\jdk8u45\3627\hotspot\src\share\vm\prims\jni.cpp, line 1598]
Event: 5587.426 Thread 0x000000005a621800 Exception <a 'java/lang/NoSuchMethodError': <clinit>> (0x00000000ecc7a098) thrown at [C:\re\workspace\8-2-build-windows-amd64-cygwin\jdk8u45\3627\hotspot\src\share\vm\prims\jni.cpp, line 1598]
Event: 5587.485 Thread 0x000000005a621800 Exception <a 'java/lang/NoSuchMethodError': <clinit>> (0x00000000ecd63c18) thrown at [C:\re\workspace\8-2-build-windows-amd64-cygwin\jdk8u45\3627\hotspot\src\share\vm\prims\jni.cpp, line 1598]
Event: 5587.485 Thread 0x000000005a621800 Exception <a 'java/lang/NoSuchMethodError': <clinit>> (0x00000000ecd67898) thrown at [C:\re\workspace\8-2-build-windows-amd64-cygwin\jdk8u45\3627\hotspot\src\share\vm\prims\jni.cpp, line 1598]
Event: 5587.486 Thread 0x000000005a621800 Exception <a 'java/lang/NoSuchMethodError': <clinit>> (0x00000000ecd69290) thrown at [C:\re\workspace\8-2-build-windows-amd64-cygwin\jdk8u45\3627\hotspot\src\share\vm\prims\jni.cpp, line 1598]
Event: 5587.486 Thread 0x000000005a621800 Exception <a 'java/lang/NoSuchMethodError': <clinit>> (0x00000000ecd6a950) thrown at [C:\re\workspace\8-2-build-windows-amd64-cygwin\jdk8u45\3627\hotspot\src\share\vm\prims\jni.cpp, line 1598]
Event: 5588.479 Thread 0x000000005a621800 Exception <a 'sun/nio/fs/WindowsException'> (0x00000000ed53b2a8) thrown at [C:\re\workspace\8-2-build-windows-amd64-cygwin\jdk8u45\3627\hotspot\src\share\vm\prims\jni.cpp, line 709]
Event: 5588.483 Thread 0x000000005a621800 Exception <a 'sun/nio/fs/WindowsException'> (0x00000000ed546e58) thrown at [C:\re\workspace\8-2-build-windows-amd64-cygwin\jdk8u45\3627\hotspot\src\share\vm\prims\jni.cpp, line 709]

Events (10 events):
Event: 5588.567 Executing VM operation: RevokeBias done
Event: 5588.567 Executing VM operation: RevokeBias
Event: 5588.568 Executing VM operation: RevokeBias done
Event: 5588.568 loading class org/codehaus/groovy/runtime/GroovyCategorySupport$ThreadCategoryInfo
Event: 5588.568 loading class org/codehaus/groovy/runtime/GroovyCategorySupport$ThreadCategoryInfo done
Event: 5588.577 Thread 0x00000000577d4000 flushing nmethod 0x0000000004d5cbd0
Event: 5588.609 Executing VM operation: RevokeBias
Event: 5588.609 Executing VM operation: RevokeBias done
Event: 5588.622 Thread 0x00000000577d4000 flushing nmethod 0x0000000006c5f090
Event: 5588.622 Thread 0x00000000577d4000 flushing nmethod 0x0000000006c9ac50


Dynamic libraries:
0x000000013f750000 - 0x000000013f787000 	C:\Program Files\Java\jdk1.8.0_45\bin\java.exe
0x0000000076e00000 - 0x0000000076faa000 	C:\Windows\SYSTEM32\ntdll.dll
0x0000000076be0000 - 0x0000000076cff000 	C:\Windows\system32\kernel32.dll
0x000007fefce40000 - 0x000007fefceaa000 	C:\Windows\system32\KERNELBASE.dll
0x000007fefdc40000 - 0x000007fefdd1b000 	C:\Windows\system32\ADVAPI32.dll
0x000007fefe8f0000 - 0x000007fefe98f000 	C:\Windows\system32\msvcrt.dll
0x000007fefe1e0000 - 0x000007fefe1ff000 	C:\Windows\SYSTEM32\sechost.dll
0x000007fefe0b0000 - 0x000007fefe1dd000 	C:\Windows\system32\RPCRT4.dll
0x0000000076d00000 - 0x0000000076dfa000 	C:\Windows\system32\USER32.dll
0x000007fefeb90000 - 0x000007fefebf7000 	C:\Windows\system32\GDI32.dll
0x000007fefe6d0000 - 0x000007fefe6de000 	C:\Windows\system32\LPK.dll
0x000007fefe3a0000 - 0x000007fefe46a000 	C:\Windows\system32\USP10.dll
0x000007fefb4d0000 - 0x000007fefb6c4000 	C:\Windows\WinSxS\amd64_microsoft.windows.common-controls_6595b64144ccf1df_6.0.7601.18837_none_fa3b1e3d17594757\COMCTL32.dll
0x000007fefe650000 - 0x000007fefe6c1000 	C:\Windows\system32\SHLWAPI.dll
0x000007fefe290000 - 0x000007fefe2be000 	C:\Windows\system32\IMM32.DLL
0x000007fefe7e0000 - 0x000007fefe8e9000 	C:\Windows\system32\MSCTF.dll
0x00000000790f0000 - 0x00000000791c2000 	C:\Program Files\Java\jdk1.8.0_45\jre\bin\msvcr100.dll
0x000000006fec0000 - 0x0000000070743000 	C:\Program Files\Java\jdk1.8.0_45\jre\bin\server\jvm.dll
0x000007fefa410000 - 0x000007fefa419000 	C:\Windows\system32\WSOCK32.dll
0x000007fefec00000 - 0x000007fefec4d000 	C:\Windows\system32\WS2_32.dll
0x000007fefe200000 - 0x000007fefe208000 	C:\Windows\system32\NSI.dll
0x000007fefa6f0000 - 0x000007fefa72b000 	C:\Windows\system32\WINMM.dll
0x000007fefbb60000 - 0x000007fefbb6c000 	C:\Windows\system32\VERSION.dll
0x0000000076fd0000 - 0x0000000076fd7000 	C:\Windows\system32\PSAPI.DLL
0x0000000073e10000 - 0x0000000073e1f000 	C:\Program Files\Java\jdk1.8.0_45\jre\bin\verify.dll
0x0000000073c00000 - 0x0000000073c29000 	C:\Program Files\Java\jdk1.8.0_45\jre\bin\java.dll
0x0000000073be0000 - 0x0000000073bf6000 	C:\Program Files\Java\jdk1.8.0_45\jre\bin\zip.dll
0x000007fefceb0000 - 0x000007fefdc39000 	C:\Windows\system32\SHELL32.dll
0x000007fefe990000 - 0x000007fefeb8c000 	C:\Windows\system32\ole32.dll
0x000007fefcb00000 - 0x000007fefcb0f000 	C:\Windows\system32\profapi.dll
0x0000000073bc0000 - 0x0000000073bda000 	C:\Program Files\Java\jdk1.8.0_45\jre\bin\net.dll
0x000007fefc2c0000 - 0x000007fefc315000 	C:\Windows\system32\mswsock.dll
0x000007fefc2b0000 - 0x000007fefc2b7000 	C:\Windows\System32\wship6.dll
0x0000000073b60000 - 0x0000000073b71000 	C:\Program Files\Java\jdk1.8.0_45\jre\bin\nio.dll
0x000007fef13b0000 - 0x000007fef13ce000 	C:\Users\feixiang\.gradle\native\25\windows-amd64\native-platform.dll
0x0000000073e50000 - 0x0000000073e5d000 	C:\Program Files\Java\jdk1.8.0_45\jre\bin\management.dll
0x000007fefc320000 - 0x000007fefc338000 	C:\Windows\system32\CRYPTSP.dll
0x000007fefc020000 - 0x000007fefc067000 	C:\Windows\system32\rsaenh.dll
0x000007fefce20000 - 0x000007fefce3e000 	C:\Windows\system32\USERENV.dll
0x000007fefc990000 - 0x000007fefc99f000 	C:\Windows\system32\CRYPTBASE.dll
0x000007fefa3e0000 - 0x000007fefa407000 	C:\Windows\system32\IPHLPAPI.DLL
0x000007fefa3d0000 - 0x000007fefa3db000 	C:\Windows\system32\WINNSI.DLL
0x000007fef9510000 - 0x000007fef9528000 	C:\Windows\system32\dhcpcsvc.DLL
0x000007fef9490000 - 0x000007fef94a1000 	C:\Windows\system32\dhcpcsvc6.DLL
0x0000000073ab0000 - 0x0000000073ad4000 	C:\Program Files\Java\jdk1.8.0_45\jre\bin\sunec.dll
0x000007fefbcf0000 - 0x000007fefbcf7000 	C:\Windows\System32\wshtcpip.dll
0x000007fefc140000 - 0x000007fefc19b000 	C:\Windows\system32\DNSAPI.dll
0x000007fef1c00000 - 0x000007fef1c08000 	C:\Windows\system32\rasadhlp.dll
0x000007fef94b0000 - 0x000007fef9503000 	C:\Windows\System32\fwpuclnt.dll
0x000007fefa6d0000 - 0x000007fefa6e5000 	C:\Windows\system32\NLAapi.dll
0x000007fef40f0000 - 0x000007fef4105000 	C:\Windows\system32\napinsp.dll
0x000007fef3fc0000 - 0x000007fef3fd9000 	C:\Windows\system32\pnrpnsp.dll
0x000007fef3fb0000 - 0x000007fef3fbb000 	C:\Windows\System32\winrnr.dll
0x000007fef3fa0000 - 0x000007fef3fb0000 	C:\Windows\system32\wshbth.dll
0x000000006cdf0000 - 0x000000006cf88000 	C:\Program Files\Java\jdk1.8.0_45\jre\bin\awt.dll
0x000007fefe2c0000 - 0x000007fefe39a000 	C:\Windows\system32\OLEAUT32.dll
0x000007fefacc0000 - 0x000007fefacd8000 	C:\Windows\system32\DWMAPI.DLL
0x0000000073170000 - 0x000000007319a000 	C:\Program Files\Java\jdk1.8.0_45\jre\bin\dcpr.dll
0x000007fefc930000 - 0x000007fefc987000 	C:\Windows\system32\apphelp.dll

VM Arguments:
jvm_args: -Xmx1536m -Dfile.encoding=GBK -Duser.country=CN -Duser.language=zh -Duser.variant 
java_command: org.gradle.launcher.daemon.bootstrap.GradleDaemon 4.6
java_class_path (initial): C:\Users\feixiang\.gradle\wrapper\dists\gradle-4.6-all\bcst21l2brirad8k2ben1letg\gradle-4.6\lib\gradle-launcher-4.6.jar
Launcher Type: SUN_STANDARD

Environment Variables:
JAVA_HOME=C:\Program Files\Java\jdk1.8.0_45
CLASSPATH=C:\Program Files\Java\jdk1.8.0_45\lib\dt.jar;C:\Program Files\Java\jdk1.8.0_45\lib\tools.jar
PATH=C:\ProgramData\Oracle\Java\javapath;C:\Program Files (x86)\Java\jdk1.7.0_02\bin;C:\Program Files\TortoiseSVN\bin;C:\Program Files\Java\jdk1.8.0_45\bin;C:\Program Files\Java\jdk1.8.0_45\jre\bin;D:\web\apache-tomcat-7.0.35-windows64\apache-tomcat-7.0.35\lib;D:\web\apache-tomcat-7.0.35-windows64\apache-tomcat-7.0.35\bin;C:\Windows\system32;C:\Windows;C:\Windows\system32\wbem;C:\Program Files\MySQL\MySQL Server 5.6\bin;D:\web\apache-tomcat-7.0.35-windows64\apache-tomcat-7.0.35\bin;C:\Program Files\Git\cmd;C:\Program Files\Git\bin
USERNAME=feixiang
OS=Windows_NT
PROCESSOR_IDENTIFIER=Intel64 Family 6 Model 69 Stepping 1, GenuineIntel



---------------  S Y S T E M  ---------------

OS: Windows 7 , 64 bit Build 7601 (6.1.7601.23796)

CPU:total 4 (2 cores per cpu, 2 threads per core) family 6 model 69 stepping 1, cmov, cx8, fxsr, mmx, sse, sse2, sse3, ssse3, sse4.1, sse4.2, popcnt, avx, avx2, aes, clmul, erms, lzcnt, ht, tsc, tscinvbit, bmi1, bmi2

Memory: 4k page, physical 8122612k(815832k free), swap 8120752k(4932k free)

vm_info: Java HotSpot(TM) 64-Bit Server VM (25.45-b02) for windows-amd64 JRE (1.8.0_45-b15), built on Apr 30 2015 12:40:44 by "java_re" with MS VC++ 10.0 (VS2010)

time: Sun Nov 18 15:54:33 2018
elapsed time: 5588 seconds (0d 1h 33m 8s)

