#
# There is insufficient memory for the Java Runtime Environment to continue.
# Native memory allocation (malloc) failed to allocate 2295376 bytes for Chunk::new
# Possible reasons:
#   The system is out of physical RAM or swap space
#   In 32 bit mode, the process size limit was hit
# Possible solutions:
#   Reduce memory load on the system
#   Increase physical memory or swap space
#   Check if swap backing store is full
#   Use 64 bit Java on a 64 bit OS
#   Decrease Java heap size (-Xmx/-Xms)
#   Decrease number of Java threads
#   Decrease Java thread stack sizes (-Xss)
#   Set larger code cache with -XX:ReservedCodeCacheSize=
# This output file may be truncated or incomplete.
#
#  Out of Memory Error (allocation.cpp:390), pid=10896, tid=8632
#
# JRE version: Java(TM) SE Runtime Environment (8.0_45-b15) (build 1.8.0_45-b15)
# Java VM: Java HotSpot(TM) 64-Bit Server VM (25.45-b02 mixed mode windows-amd64 compressed oops)
# Failed to write core dump. Minidumps are not enabled by default on client versions of Windows
#

---------------  T H R E A D  ---------------

Current thread (0x00000000576ba800):  JavaThread "C2 CompilerThread0" daemon [_thread_in_native, id=8632, stack(0x0000000057f60000,0x0000000058060000)]

Stack: [0x0000000057f60000,0x0000000058060000]
Native frames: (J=compiled Java code, j=interpreted, Vv=VM code, C=native code)
V  [jvm.dll+0x32b57a]


Current CompileTask:
C2:6723597 39394       4       com.android.tools.r8.ir.regalloc.LinearScanRegisterAllocator::allocateSingleInterval (797 bytes)


---------------  P R O C E S S  ---------------

Java Threads: ( => current thread )
  0x00000000613af000 JavaThread "ForkJoinPool.commonPool-worker-1" daemon [_thread_blocked, id=11328, stack(0x000000006e2c0000,0x000000006e3c0000)]
  0x00000000613ae800 JavaThread "ForkJoinPool.commonPool-worker-0" daemon [_thread_blocked, id=4756, stack(0x000000006e110000,0x000000006e210000)]
  0x0000000058bae800 JavaThread "ForkJoinPool.commonPool-worker-3" daemon [_thread_blocked, id=12032, stack(0x000000006ded0000,0x000000006dfd0000)]
  0x0000000069de1800 JavaThread "Worker Daemon Execution Thread 6" [_thread_blocked, id=11780, stack(0x000000006c980000,0x000000006ca80000)]
  0x00000000611bb000 JavaThread "Worker Daemon Execution Thread 5" [_thread_blocked, id=11792, stack(0x000000006bed0000,0x000000006bfd0000)]
  0x00000000614a9800 JavaThread "Worker Daemon Execution Thread 4" [_thread_blocked, id=11620, stack(0x00000000673f0000,0x00000000674f0000)]
  0x00000000614a8000 JavaThread "Worker Daemon Execution Thread 3" [_thread_blocked, id=11852, stack(0x0000000066690000,0x0000000066790000)]
  0x00000000614ae800 JavaThread "Worker Daemon Execution Thread 2" [_thread_blocked, id=11944, stack(0x0000000068910000,0x0000000068a10000)]
  0x000000005789b800 JavaThread "Worker Daemon Execution" [_thread_blocked, id=10848, stack(0x000000005fa00000,0x000000005fb00000)]
  0x0000000057898000 JavaThread "Cache worker for Java compile cache (D:\Android\project\CallNumber\.gradle\4.6\javaCompile)" [_thread_blocked, id=2100, stack(0x0000000067fc0000,0x00000000680c0000)]
  0x0000000059a96800 JavaThread "stdout" daemon [_thread_in_native, id=2044, stack(0x000000006c040000,0x000000006c140000)]
  0x0000000059a9a800 JavaThread "stderr" daemon [_thread_in_native, id=4228, stack(0x00000000637a0000,0x00000000638a0000)]
  0x0000000059a9c000 JavaThread "stdout" daemon [_thread_in_native, id=1352, stack(0x000000006ada0000,0x000000006aea0000)]
  0x0000000059a99000 JavaThread "stderr" daemon [_thread_in_native, id=3408, stack(0x000000006aba0000,0x000000006aca0000)]
  0x0000000059a98000 JavaThread "stdout" daemon [_thread_in_native, id=9244, stack(0x000000006aa50000,0x000000006ab50000)]
  0x0000000059a95000 JavaThread "stderr" daemon [_thread_in_native, id=8620, stack(0x000000006a860000,0x000000006a960000)]
  0x0000000057897800 JavaThread "pool-188-thread-1" [_thread_blocked, id=12116, stack(0x000000006a650000,0x000000006a750000)]
  0x000000005789e800 JavaThread "Java2D Disposer" daemon [_thread_blocked, id=11932, stack(0x0000000068c20000,0x0000000068d20000)]
  0x0000000069ddf000 JavaThread "Task worker for ':' Thread 3" [_thread_in_native, id=11360, stack(0x0000000067c10000,0x0000000067d10000)]
  0x0000000069de2000 JavaThread "Task worker for ':' Thread 2" [_thread_blocked, id=11760, stack(0x0000000065840000,0x0000000065940000)]
  0x0000000069de0000 JavaThread "Task worker for ':'" [_thread_blocked, id=11876, stack(0x0000000066010000,0x0000000066110000)]
  0x0000000069de6000 JavaThread "Cache worker for Build Output Cleanup Cache (D:\Android\project\CallNumber\.gradle\buildOutputCleanup)" [_thread_blocked, id=11736, stack(0x00000000669c0000,0x0000000066ac0000)]
  0x0000000069de3000 JavaThread "Cache worker for task history cache (D:\Android\project\CallNumber\.gradle\4.6\taskHistory)" [_thread_blocked, id=12200, stack(0x0000000066330000,0x0000000066430000)]
  0x0000000069de0800 JavaThread "Cache worker for file content cache (D:\Android\project\CallNumber\.gradle\4.6\fileContent)" [_thread_blocked, id=11044, stack(0x0000000064380000,0x0000000064480000)]
  0x000000005dfca800 JavaThread "Build operations Thread 4" [_thread_blocked, id=6644, stack(0x0000000065ec0000,0x0000000065fc0000)]
  0x000000005dfcd800 JavaThread "Build operations Thread 3" [_thread_blocked, id=7020, stack(0x0000000062890000,0x0000000062990000)]
  0x000000005dfc9000 JavaThread "Build operations Thread 2" [_thread_blocked, id=5668, stack(0x0000000065da0000,0x0000000065ea0000)]
  0x000000005dfce000 JavaThread "Build operations" [_thread_blocked, id=5500, stack(0x000000005a930000,0x000000005aa30000)]
  0x0000000058bb0000 JavaThread "Cache worker for Artifact transforms cache (C:\Users\feixiang\.gradle\caches\transforms-1)" [_thread_blocked, id=11836, stack(0x000000005a6a0000,0x000000005a7a0000)]
  0x0000000058baf800 JavaThread "Cache worker for file hash cache (D:\Android\project\CallNumber\.gradle\4.6\fileHashes)" [_thread_blocked, id=12284, stack(0x0000000062770000,0x0000000062870000)]
  0x0000000058bb1000 JavaThread "Asynchronous log dispatcher for DefaultDaemonConnection: socket connection from /127.0.0.1:50681 to /127.0.0.1:53543" [_thread_blocked, id=3996, stack(0x000000005f440000,0x000000005f540000)]
  0x0000000058bb1800 JavaThread "Daemon worker Thread 24" [_thread_blocked, id=1640, stack(0x000000005adc0000,0x000000005aec0000)]
  0x0000000058bb4000 JavaThread "Cancel handler" [_thread_blocked, id=11768, stack(0x000000005ac70000,0x000000005ad70000)]
  0x000000005dfcb000 JavaThread "Handler for socket connection from /127.0.0.1:50681 to /127.0.0.1:53543" [_thread_in_native, id=3920, stack(0x000000005a810000,0x000000005a910000)]
  0x0000000058bb5800 JavaThread "Daemon Thread 23" [_thread_blocked, id=9144, stack(0x00000000583e0000,0x00000000584e0000)]
  0x0000000058bb4800 JavaThread "pool-1-thread-1" [_thread_blocked, id=4652, stack(0x0000000063ed0000,0x0000000063fd0000)]
  0x0000000059a9b000 JavaThread "Memory manager" [_thread_blocked, id=10492, stack(0x0000000062220000,0x0000000062320000)]
  0x000000005bcf8800 JavaThread "File lock request listener" [_thread_in_native, id=4944, stack(0x000000005b190000,0x000000005b290000)]
  0x0000000059b51000 JavaThread "Cache worker for file hash cache (C:\Users\feixiang\.gradle\caches\4.6\fileHashes)" [_thread_blocked, id=3972, stack(0x000000005b2b0000,0x000000005b3b0000)]
  0x000000005993e000 JavaThread "Daemon periodic checks" [_thread_blocked, id=9524, stack(0x000000005a560000,0x000000005a660000)]
  0x0000000059942800 JavaThread "Incoming local TCP Connector on port 50681" [_thread_in_native, id=4980, stack(0x0000000058e60000,0x0000000058f60000)]
  0x0000000059750000 JavaThread "Daemon health stats" [_thread_blocked, id=6532, stack(0x000000005a000000,0x000000005a100000)]
  0x0000000057753800 JavaThread "Service Thread" daemon [_thread_blocked, id=4820, stack(0x00000000582c0000,0x00000000583c0000)]
  0x00000000576ce800 JavaThread "C1 CompilerThread2" daemon [_thread_blocked, id=10508, stack(0x00000000580b0000,0x00000000581b0000)]
  0x00000000576c9800 JavaThread "C2 CompilerThread1" daemon [_thread_in_native, id=6016, stack(0x0000000057b00000,0x0000000057c00000)]
=>0x00000000576ba800 JavaThread "C2 CompilerThread0" daemon [_thread_in_native, id=8632, stack(0x0000000057f60000,0x0000000058060000)]
  0x00000000563fe000 JavaThread "Attach Listener" daemon [_thread_blocked, id=8404, stack(0x0000000057d70000,0x0000000057e70000)]
  0x00000000563fd000 JavaThread "Signal Dispatcher" daemon [_thread_blocked, id=10860, stack(0x0000000057c40000,0x0000000057d40000)]
  0x0000000056397000 JavaThread "Finalizer" daemon [_thread_blocked, id=7824, stack(0x0000000057230000,0x0000000057330000)]
  0x0000000056390000 JavaThread "Reference Handler" daemon [_thread_blocked, id=10016, stack(0x00000000575b0000,0x00000000576b0000)]
  0x000000000236f000 JavaThread "main" [_thread_blocked, id=4948, stack(0x0000000002730000,0x0000000002830000)]

Other Threads:
  0x000000005638a800 VMThread [stack: 0x00000000573b0000,0x00000000574b0000] [id=4268]
  0x0000000057766800 WatcherThread [stack: 0x0000000058540000,0x0000000058640000] [id=1412]

VM state:not at safepoint (normal execution)

VM Mutex/Monitor currently owned by a thread: None

Heap:
 PSYoungGen      total 397312K, used 234931K [0x00000000e0000000, 0x00000000ff900000, 0x0000000100000000)
  eden space 285696K, 78% used [0x00000000e0000000,0x00000000edbf5ba0,0x00000000f1700000)
  from space 111616K, 8% used [0x00000000f8c00000,0x00000000f95771d8,0x00000000ff900000)
  to   space 115712K, 0% used [0x00000000f1700000,0x00000000f1700000,0x00000000f8800000)
 ParOldGen       total 394752K, used 208467K [0x00000000a0000000, 0x00000000b8180000, 0x00000000e0000000)
  object space 394752K, 52% used [0x00000000a0000000,0x00000000acb94e30,0x00000000b8180000)
 Metaspace       used 123565K, capacity 131147K, committed 131456K, reserved 1163264K
  class space    used 15262K, capacity 16626K, committed 16768K, reserved 1048576K

Card table byte_map: [0x0000000011bf0000,0x0000000011f00000] byte_map_base: 0x00000000116f0000

Marking Bits: (ParMarkBitMap*) 0x000000005bc04040
 Begin Bits: [0x0000000012700000, 0x0000000013f00000)
 End Bits:   [0x0000000013f00000, 0x0000000015700000)

Polling page: 0x0000000000370000

CodeCache: size=245760Kb used=100123Kb max_used=100147Kb free=145636Kb
 bounds [0x0000000002830000, 0x0000000008aa0000, 0x0000000011830000]
 total_blobs=27487 nmethods=26460 adapters=935
 compilation: enabled

Compilation events (10 events):
Event: 6721.935 Thread 0x00000000576c9800 nmethod 39415 0x0000000008a7e710 code [0x0000000008a7e8a0, 0x0000000008a7eb18]
Event: 6721.935 Thread 0x00000000576c9800 39451       4       com.android.tools.r8.ir.conversion.JarSourceCode::traceInstruction (266 bytes)
Event: 6721.955 Thread 0x00000000576ce800 39468       1       sun.nio.fs.WindowsFileSystem::supportsLinks (5 bytes)
Event: 6721.956 Thread 0x00000000576ce800 nmethod 39468 0x0000000008a501d0 code [0x0000000008a50320, 0x0000000008a50430]
Event: 6722.164 Thread 0x00000000576ce800 39469       2       sun.nio.ch.FileLockImpl::<init> (16 bytes)
Event: 6722.164 Thread 0x00000000576ce800 nmethod 39469 0x0000000008a81a50 code [0x0000000008a81bc0, 0x0000000008a81d48]
Event: 6722.339 Thread 0x00000000576ce800 39470       2       com.android.utils.JvmWideVariable::<init> (48 bytes)
Event: 6722.341 Thread 0x00000000576ce800 nmethod 39470 0x0000000008a80ed0 code [0x0000000008a810c0, 0x0000000008a815b8]
Event: 6722.341 Thread 0x00000000576ce800 39471       2       com.android.utils.JvmWideVariable::getVariable (77 bytes)
Event: 6722.343 Thread 0x00000000576ce800 nmethod 39471 0x0000000008a7f650 code [0x0000000008a7f8c0, 0x0000000008a804e8]

GC Heap History (10 events):
Event: 6684.549 GC heap before
{Heap before GC invocations=119 (full 11):
 PSYoungGen      total 385536K, used 246784K [0x00000000e0000000, 0x0000000100000000, 0x0000000100000000)
  eden space 246784K, 100% used [0x00000000e0000000,0x00000000ef100000,0x00000000ef100000)
  from space 138752K, 0% used [0x00000000ef100000,0x00000000ef100000,0x00000000f7880000)
  to   space 136704K, 0% used [0x00000000f7a80000,0x00000000f7a80000,0x0000000100000000)
 ParOldGen       total 394752K, used 90861K [0x00000000a0000000, 0x00000000b8180000, 0x00000000e0000000)
  object space 394752K, 23% used [0x00000000a0000000,0x00000000a58bb6b8,0x00000000b8180000)
 Metaspace       used 105570K, capacity 112487K, committed 114048K, reserved 1148928K
  class space    used 13170K, capacity 14383K, committed 14720K, reserved 1048576K
Event: 6684.604 GC heap after
Heap after GC invocations=119 (full 11):
 PSYoungGen      total 366080K, used 45810K [0x00000000e0000000, 0x00000000fed00000, 0x0000000100000000)
  eden space 248832K, 0% used [0x00000000e0000000,0x00000000e0000000,0x00000000ef300000)
  from space 117248K, 39% used [0x00000000f7a80000,0x00000000fa73c928,0x00000000fed00000)
  to   space 128000K, 0% used [0x00000000ef300000,0x00000000ef300000,0x00000000f7000000)
 ParOldGen       total 394752K, used 90869K [0x00000000a0000000, 0x00000000b8180000, 0x00000000e0000000)
  object space 394752K, 23% used [0x00000000a0000000,0x00000000a58bd6b8,0x00000000b8180000)
 Metaspace       used 105570K, capacity 112487K, committed 114048K, reserved 1148928K
  class space    used 13170K, capacity 14383K, committed 14720K, reserved 1048576K
}
Event: 6686.015 GC heap before
{Heap before GC invocations=120 (full 11):
 PSYoungGen      total 366080K, used 294642K [0x00000000e0000000, 0x00000000fed00000, 0x0000000100000000)
  eden space 248832K, 100% used [0x00000000e0000000,0x00000000ef300000,0x00000000ef300000)
  from space 117248K, 39% used [0x00000000f7a80000,0x00000000fa73c928,0x00000000fed00000)
  to   space 128000K, 0% used [0x00000000ef300000,0x00000000ef300000,0x00000000f7000000)
 ParOldGen       total 394752K, used 90869K [0x00000000a0000000, 0x00000000b8180000, 0x00000000e0000000)
  object space 394752K, 23% used [0x00000000a0000000,0x00000000a58bd6b8,0x00000000b8180000)
 Metaspace       used 106024K, capacity 113005K, committed 114048K, reserved 1148928K
  class space    used 13210K, capacity 14448K, committed 14720K, reserved 1048576K
Event: 6686.118 GC heap after
Heap after GC invocations=120 (full 11):
 PSYoungGen      total 376832K, used 60666K [0x00000000e0000000, 0x0000000100000000, 0x0000000100000000)
  eden space 248832K, 0% used [0x00000000e0000000,0x00000000e0000000,0x00000000ef300000)
  from space 128000K, 47% used [0x00000000ef300000,0x00000000f2e3e960,0x00000000f7000000)
  to   space 124928K, 0% used [0x00000000f8600000,0x00000000f8600000,0x0000000100000000)
 ParOldGen       total 394752K, used 129278K [0x00000000a0000000, 0x00000000b8180000, 0x00000000e0000000)
  object space 394752K, 32% used [0x00000000a0000000,0x00000000a7e3f8d8,0x00000000b8180000)
 Metaspace       used 106024K, capacity 113005K, committed 114048K, reserved 1148928K
  class space    used 13210K, capacity 14448K, committed 14720K, reserved 1048576K
}
Event: 6709.520 GC heap before
{Heap before GC invocations=121 (full 11):
 PSYoungGen      total 376832K, used 309498K [0x00000000e0000000, 0x0000000100000000, 0x0000000100000000)
  eden space 248832K, 100% used [0x00000000e0000000,0x00000000ef300000,0x00000000ef300000)
  from space 128000K, 47% used [0x00000000ef300000,0x00000000f2e3e960,0x00000000f7000000)
  to   space 124928K, 0% used [0x00000000f8600000,0x00000000f8600000,0x0000000100000000)
 ParOldGen       total 394752K, used 129278K [0x00000000a0000000, 0x00000000b8180000, 0x00000000e0000000)
  object space 394752K, 32% used [0x00000000a0000000,0x00000000a7e3f8d8,0x00000000b8180000)
 Metaspace       used 116875K, capacity 124305K, committed 124544K, reserved 1157120K
  class space    used 14609K, capacity 15904K, committed 16000K, reserved 1048576K
Event: 6709.627 GC heap after
Heap after GC invocations=121 (full 11):
 PSYoungGen      total 386048K, used 26278K [0x00000000e0000000, 0x00000000ff600000, 0x0000000100000000)
  eden space 271360K, 0% used [0x00000000e0000000,0x00000000e0000000,0x00000000f0900000)
  from space 114688K, 22% used [0x00000000f8600000,0x00000000f9fa9b78,0x00000000ff600000)
  to   space 121344K, 0% used [0x00000000f0900000,0x00000000f0900000,0x00000000f7f80000)
 ParOldGen       total 394752K, used 186937K [0x00000000a0000000, 0x00000000b8180000, 0x00000000e0000000)
  object space 394752K, 47% used [0x00000000a0000000,0x00000000ab68e738,0x00000000b8180000)
 Metaspace       used 116875K, capacity 124305K, committed 124544K, reserved 1157120K
  class space    used 14609K, capacity 15904K, committed 16000K, reserved 1048576K
}
Event: 6717.864 GC heap before
{Heap before GC invocations=122 (full 11):
 PSYoungGen      total 386048K, used 297638K [0x00000000e0000000, 0x00000000ff600000, 0x0000000100000000)
  eden space 271360K, 100% used [0x00000000e0000000,0x00000000f0900000,0x00000000f0900000)
  from space 114688K, 22% used [0x00000000f8600000,0x00000000f9fa9b78,0x00000000ff600000)
  to   space 121344K, 0% used [0x00000000f0900000,0x00000000f0900000,0x00000000f7f80000)
 ParOldGen       total 394752K, used 186937K [0x00000000a0000000, 0x00000000b8180000, 0x00000000e0000000)
  object space 394752K, 47% used [0x00000000a0000000,0x00000000ab68e738,0x00000000b8180000)
 Metaspace       used 123355K, capacity 130861K, committed 131072K, reserved 1163264K
  class space    used 15242K, capacity 16583K, committed 16640K, reserved 1048576K
Event: 6717.923 GC heap after
Heap after GC invocations=122 (full 11):
 PSYoungGen      total 392704K, used 26345K [0x00000000e0000000, 0x00000000ffe80000, 0x0000000100000000)
  eden space 271360K, 0% used [0x00000000e0000000,0x00000000e0000000,0x00000000f0900000)
  from space 121344K, 21% used [0x00000000f0900000,0x00000000f22ba520,0x00000000f7f80000)
  to   space 117248K, 0% used [0x00000000f8c00000,0x00000000f8c00000,0x00000000ffe80000)
 ParOldGen       total 394752K, used 202415K [0x00000000a0000000, 0x00000000b8180000, 0x00000000e0000000)
  object space 394752K, 51% used [0x00000000a0000000,0x00000000ac5abfe8,0x00000000b8180000)
 Metaspace       used 123355K, capacity 130861K, committed 131072K, reserved 1163264K
  class space    used 15242K, capacity 16583K, committed 16640K, reserved 1048576K
}
Event: 6720.485 GC heap before
{Heap before GC invocations=123 (full 11):
 PSYoungGen      total 392704K, used 297705K [0x00000000e0000000, 0x00000000ffe80000, 0x0000000100000000)
  eden space 271360K, 100% used [0x00000000e0000000,0x00000000f0900000,0x00000000f0900000)
  from space 121344K, 21% used [0x00000000f0900000,0x00000000f22ba520,0x00000000f7f80000)
  to   space 117248K, 0% used [0x00000000f8c00000,0x00000000f8c00000,0x00000000ffe80000)
 ParOldGen       total 394752K, used 202415K [0x00000000a0000000, 0x00000000b8180000, 0x00000000e0000000)
  object space 394752K, 51% used [0x00000000a0000000,0x00000000ac5abfe8,0x00000000b8180000)
 Metaspace       used 123498K, capacity 131081K, committed 131456K, reserved 1163264K
  class space    used 15261K, capacity 16625K, committed 16768K, reserved 1048576K
Event: 6720.526 GC heap after
Heap after GC invocations=123 (full 11):
 PSYoungGen      total 397312K, used 9692K [0x00000000e0000000, 0x00000000ff900000, 0x0000000100000000)
  eden space 285696K, 0% used [0x00000000e0000000,0x00000000e0000000,0x00000000f1700000)
  from space 111616K, 8% used [0x00000000f8c00000,0x00000000f95771d8,0x00000000ff900000)
  to   space 115712K, 0% used [0x00000000f1700000,0x00000000f1700000,0x00000000f8800000)
 ParOldGen       total 394752K, used 208467K [0x00000000a0000000, 0x00000000b8180000, 0x00000000e0000000)
  object space 394752K, 52% used [0x00000000a0000000,0x00000000acb94e30,0x00000000b8180000)
 Metaspace       used 123498K, capacity 131081K, committed 131456K, reserved 1163264K
  class space    used 15261K, capacity 16625K, committed 16768K, reserved 1048576K
}

Deoptimization events (10 events):
Event: 6720.316 Thread 0x0000000058bae800 Uncommon trap: reason=unstable_if action=reinterpret pc=0x00000000089e66e8 method=com.android.tools.r8.ir.optimize.CodeRewriter.collapsNonFallthroughSwitchTargets(Lcom/android/tools/r8/ir/code/BasicBlock;)V @ 64
Event: 6720.405 Thread 0x0000000058bae800 Uncommon trap: reason=class_check action=maybe_recompile pc=0x0000000008128e00 method=com.android.tools.r8.ir.regalloc.LinearScanRegisterAllocator.setHintForDestRegOfCheckCast(Lcom/android/tools/r8/ir/regalloc/LiveIntervals;)V @ 41
Event: 6720.405 Thread 0x0000000058bae800 Uncommon trap: reason=class_check action=maybe_recompile pc=0x0000000008128e00 method=com.android.tools.r8.ir.regalloc.LinearScanRegisterAllocator.setHintForDestRegOfCheckCast(Lcom/android/tools/r8/ir/regalloc/LiveIntervals;)V @ 41
Event: 6720.433 Thread 0x00000000613ae800 Uncommon trap: reason=unstable_if action=reinterpret pc=0x0000000004864700 method=java.util.HashMap.computeIfAbsent(Ljava/lang/Object;Ljava/util/function/Function;)Ljava/lang/Object; @ 271
Event: 6720.907 Thread 0x00000000613ae800 Uncommon trap: reason=unstable_if action=reinterpret pc=0x0000000004d690c4 method=com.android.tools.r8.ir.regalloc.LinearScanRegisterAllocator.computeLiveRanges(Lcom/android/tools/r8/utils/InternalOptions;Lcom/android/tools/r8/ir/code/IRCode;Ljava/util/Mapéz«9Aº@
Event: 6721.052 Thread 0x00000000613ae800 Uncommon trap: reason=bimorphic action=maybe_recompile pc=0x0000000004647b28 method=com.android.tools.r8.ir.regalloc.LinearScanRegisterAllocator.needsLongResultOverlappingLongOperandsWorkaround(Lcom/android/tools/r8/ir/regalloc/LiveIntervals;)Z @ 100
Event: 6721.052 Thread 0x00000000613ae800 Uncommon trap: reason=bimorphic action=maybe_recompile pc=0x0000000004647b28 method=com.android.tools.r8.ir.regalloc.LinearScanRegisterAllocator.needsLongResultOverlappingLongOperandsWorkaround(Lcom/android/tools/r8/ir/regalloc/LiveIntervals;)Z @ 100
Event: 6721.052 Thread 0x00000000613ae800 Uncommon trap: reason=unstable_if action=reinterpret pc=0x0000000008a17940 method=com.android.tools.r8.ir.regalloc.LinearScanRegisterAllocator.getLargestCandidate(ILcom/android/tools/r8/ir/regalloc/RegisterPositions;ZLcom/android/tools/r8/ir/regalloc/Regis6˜OCAº@
Event: 6721.052 Thread 0x00000000613ae800 Uncommon trap: reason=bimorphic action=maybe_recompile pc=0x0000000008311890 method=com.android.tools.r8.ir.regalloc.LinearScanRegisterAllocator.needsLongResultOverlappingLongOperandsWorkaround(Lcom/android/tools/r8/ir/regalloc/LiveIntervals;)Z @ 100
Event: 6721.468 Thread 0x00000000613af000 Uncommon trap: reason=unstable_if action=reinterpret pc=0x00000000047c3450 method=java.util.concurrent.ConcurrentHashMap.computeIfAbsent(Ljava/lang/Object;Ljava/util/function/Function;)Ljava/lang/Object; @ 281

Internal exceptions (10 events):
Event: 6722.027 Thread 0x0000000069ddf000 Exception <a 'sun/nio/fs/WindowsException'> (0x00000000ed8df370) thrown at [C:\re\workspace\8-2-build-windows-amd64-cygwin\jdk8u45\3627\hotspot\src\share\vm\prims\jni.cpp, line 709]
Event: 6722.075 Thread 0x0000000069ddf000 Exception <a 'sun/nio/fs/WindowsException'> (0x00000000ed90bfc8) thrown at [C:\re\workspace\8-2-build-windows-amd64-cygwin\jdk8u45\3627\hotspot\src\share\vm\prims\jni.cpp, line 709]
Event: 6722.108 Thread 0x0000000069ddf000 Exception <a 'sun/nio/fs/WindowsException'> (0x00000000ed93f440) thrown at [C:\re\workspace\8-2-build-windows-amd64-cygwin\jdk8u45\3627\hotspot\src\share\vm\prims\jni.cpp, line 709]
Event: 6722.167 Thread 0x0000000069ddf000 Exception <a 'sun/nio/fs/WindowsException'> (0x00000000ed997328) thrown at [C:\re\workspace\8-2-build-windows-amd64-cygwin\jdk8u45\3627\hotspot\src\share\vm\prims\jni.cpp, line 709]
Event: 6722.230 Thread 0x0000000069ddf000 Exception <a 'sun/nio/fs/WindowsException'> (0x00000000ed9cfad0) thrown at [C:\re\workspace\8-2-build-windows-amd64-cygwin\jdk8u45\3627\hotspot\src\share\vm\prims\jni.cpp, line 709]
Event: 6722.289 Thread 0x0000000069ddf000 Exception <a 'sun/nio/fs/WindowsException'> (0x00000000eda04e20) thrown at [C:\re\workspace\8-2-build-windows-amd64-cygwin\jdk8u45\3627\hotspot\src\share\vm\prims\jni.cpp, line 709]
Event: 6722.345 Thread 0x0000000069ddf000 Exception <a 'sun/nio/fs/WindowsException'> (0x00000000eda37bd0) thrown at [C:\re\workspace\8-2-build-windows-amd64-cygwin\jdk8u45\3627\hotspot\src\share\vm\prims\jni.cpp, line 709]
Event: 6722.381 Thread 0x0000000069ddf000 Exception <a 'sun/nio/fs/WindowsException'> (0x00000000eda68268) thrown at [C:\re\workspace\8-2-build-windows-amd64-cygwin\jdk8u45\3627\hotspot\src\share\vm\prims\jni.cpp, line 709]
Event: 6722.413 Thread 0x0000000069ddf000 Exception <a 'sun/nio/fs/WindowsException'> (0x00000000eda9b080) thrown at [C:\re\workspace\8-2-build-windows-amd64-cygwin\jdk8u45\3627\hotspot\src\share\vm\prims\jni.cpp, line 709]
Event: 6722.494 Thread 0x0000000069ddf000 Exception <a 'sun/nio/fs/WindowsException'> (0x00000000edace0f8) thrown at [C:\re\workspace\8-2-build-windows-amd64-cygwin\jdk8u45\3627\hotspot\src\share\vm\prims\jni.cpp, line 709]

Events (10 events):
Event: 6721.448 Thread 0x00000000613af000 DEOPT UNPACKING pc=0x000000000287787f sp=0x000000006e3be150 mode 0
Event: 6721.468 Thread 0x00000000613af000 Uncommon trap: trap_request=0xffffff65 fr.pc=0x00000000047c3450
Event: 6721.468 Thread 0x00000000613af000 DEOPT PACKING pc=0x00000000047c3450 sp=0x000000006e3bdeb0
Event: 6721.468 Thread 0x00000000613af000 DEOPT UNPACKING pc=0x000000000287582a sp=0x000000006e3bde38 mode 2
Event: 6721.507 Thread 0x00000000613af000 DEOPT PACKING pc=0x00000000037cf122 sp=0x000000006e3be360
Event: 6721.507 Thread 0x00000000613af000 DEOPT UNPACKING pc=0x000000000287787f sp=0x000000006e3be140 mode 0
Event: 6721.511 Thread 0x00000000613af000 DEOPT PACKING pc=0x000000000899e741 sp=0x000000006e3be2f0
Event: 6721.511 Thread 0x00000000613af000 DEOPT UNPACKING pc=0x000000000287787f sp=0x000000006e3be120 mode 0
Event: 6721.543 Thread 0x00000000613af000 DEOPT PACKING pc=0x00000000054d7b56 sp=0x000000006e3be200
Event: 6721.543 Thread 0x00000000613af000 DEOPT UNPACKING pc=0x000000000287787f sp=0x000000006e3be020 mode 0


Dynamic libraries:
0x000000013f0f0000 - 0x000000013f127000 	C:\Program Files\Java\jdk1.8.0_45\bin\java.exe
0x0000000077230000 - 0x00000000773da000 	C:\Windows\SYSTEM32\ntdll.dll
0x0000000077110000 - 0x000000007722f000 	C:\Windows\system32\kernel32.dll
0x000007fefd220000 - 0x000007fefd28a000 	C:\Windows\system32\KERNELBASE.dll
0x000007fefecb0000 - 0x000007fefed8b000 	C:\Windows\system32\ADVAPI32.dll
0x000007feff1b0000 - 0x000007feff24f000 	C:\Windows\system32\msvcrt.dll
0x000007fefe240000 - 0x000007fefe25f000 	C:\Windows\SYSTEM32\sechost.dll
0x000007fefe350000 - 0x000007fefe47d000 	C:\Windows\system32\RPCRT4.dll
0x0000000077010000 - 0x000000007710a000 	C:\Windows\system32\USER32.dll
0x000007fefe260000 - 0x000007fefe2c7000 	C:\Windows\system32\GDI32.dll
0x000007fefed90000 - 0x000007fefed9e000 	C:\Windows\system32\LPK.dll
0x000007fefe7c0000 - 0x000007fefe88a000 	C:\Windows\system32\USP10.dll
0x000007fefbb70000 - 0x000007fefbd64000 	C:\Windows\WinSxS\amd64_microsoft.windows.common-controls_6595b64144ccf1df_6.0.7601.18837_none_fa3b1e3d17594757\COMCTL32.dll
0x000007fefe2d0000 - 0x000007fefe341000 	C:\Windows\system32\SHLWAPI.dll
0x000007fefd3e0000 - 0x000007fefd40e000 	C:\Windows\system32\IMM32.DLL
0x000007feff250000 - 0x000007feff359000 	C:\Windows\system32\MSCTF.dll
0x00000000674f0000 - 0x00000000675c2000 	C:\Program Files\Java\jdk1.8.0_45\jre\bin\msvcr100.dll
0x000000005b400000 - 0x000000005bc83000 	C:\Program Files\Java\jdk1.8.0_45\jre\bin\server\jvm.dll
0x000007fefae40000 - 0x000007fefae49000 	C:\Windows\system32\WSOCK32.dll
0x000007fefe770000 - 0x000007fefe7bd000 	C:\Windows\system32\WS2_32.dll
0x000007fefe890000 - 0x000007fefe898000 	C:\Windows\system32\NSI.dll
0x000007fefb1d0000 - 0x000007fefb20b000 	C:\Windows\system32\WINMM.dll
0x000007fefba50000 - 0x000007fefba5c000 	C:\Windows\system32\VERSION.dll
0x0000000077400000 - 0x0000000077407000 	C:\Windows\system32\PSAPI.DLL
0x000000006ce30000 - 0x000000006ce3f000 	C:\Program Files\Java\jdk1.8.0_45\jre\bin\verify.dll
0x000000006ce00000 - 0x000000006ce29000 	C:\Program Files\Java\jdk1.8.0_45\jre\bin\java.dll
0x000000006cde0000 - 0x000000006cdf6000 	C:\Program Files\Java\jdk1.8.0_45\jre\bin\zip.dll
0x000007fefd4b0000 - 0x000007fefe239000 	C:\Windows\system32\SHELL32.dll
0x000007fefeda0000 - 0x000007fefef9c000 	C:\Windows\system32\ole32.dll
0x000007fefcf20000 - 0x000007fefcf2f000 	C:\Windows\system32\profapi.dll
0x000000006cdc0000 - 0x000000006cdda000 	C:\Program Files\Java\jdk1.8.0_45\jre\bin\net.dll
0x000007fefc6f0000 - 0x000007fefc745000 	C:\Windows\system32\mswsock.dll
0x000007fefc6e0000 - 0x000007fefc6e7000 	C:\Windows\System32\wship6.dll
0x000000006cda0000 - 0x000000006cdb1000 	C:\Program Files\Java\jdk1.8.0_45\jre\bin\nio.dll
0x000007fee6320000 - 0x000007fee633e000 	C:\Users\feixiang\.gradle\native\25\windows-amd64\native-platform.dll
0x000000006cd90000 - 0x000000006cd9d000 	C:\Program Files\Java\jdk1.8.0_45\jre\bin\management.dll
0x000007fefc750000 - 0x000007fefc768000 	C:\Windows\system32\CRYPTSP.dll
0x000007fefc450000 - 0x000007fefc497000 	C:\Windows\system32\rsaenh.dll
0x000007fefcf50000 - 0x000007fefcf6e000 	C:\Windows\system32\USERENV.dll
0x000007fefcdc0000 - 0x000007fefcdcf000 	C:\Windows\system32\CRYPTBASE.dll
0x000007fefae10000 - 0x000007fefae37000 	C:\Windows\system32\IPHLPAPI.DLL
0x000007fefae00000 - 0x000007fefae0b000 	C:\Windows\system32\WINNSI.DLL
0x000007fef9920000 - 0x000007fef9938000 	C:\Windows\system32\dhcpcsvc.DLL
0x000007fef9880000 - 0x000007fef9891000 	C:\Windows\system32\dhcpcsvc6.DLL
0x000000006cd60000 - 0x000000006cd84000 	C:\Program Files\Java\jdk1.8.0_45\jre\bin\sunec.dll
0x000007fefc120000 - 0x000007fefc127000 	C:\Windows\System32\wshtcpip.dll
0x000007fefc570000 - 0x000007fefc5cb000 	C:\Windows\system32\DNSAPI.dll
0x000007fef20b0000 - 0x000007fef20b8000 	C:\Windows\system32\rasadhlp.dll
0x000007fef98c0000 - 0x000007fef9913000 	C:\Windows\System32\fwpuclnt.dll
0x000007fefb050000 - 0x000007fefb065000 	C:\Windows\system32\NLAapi.dll
0x000007fef45b0000 - 0x000007fef45c5000 	C:\Windows\system32\napinsp.dll
0x000007fef4590000 - 0x000007fef45a9000 	C:\Windows\system32\pnrpnsp.dll
0x000007fef4580000 - 0x000007fef458b000 	C:\Windows\System32\winrnr.dll
0x000007fef4570000 - 0x000007fef4580000 	C:\Windows\system32\wshbth.dll
0x000007fefcd60000 - 0x000007fefcdb7000 	C:\Windows\system32\apphelp.dll
0x0000000068720000 - 0x00000000688b8000 	C:\Program Files\Java\jdk1.8.0_45\jre\bin\awt.dll
0x000007fefe8a0000 - 0x000007fefe97a000 	C:\Windows\system32\OLEAUT32.dll
0x000007fefa8d0000 - 0x000007fefa8e8000 	C:\Windows\system32\DWMAPI.DLL
0x0000000002540000 - 0x000000000256a000 	C:\Program Files\Java\jdk1.8.0_45\jre\bin\dcpr.dll

VM Arguments:
jvm_args: -Xmx1536m -Dfile.encoding=GBK -Duser.country=CN -Duser.language=zh -Duser.variant 
java_command: org.gradle.launcher.daemon.bootstrap.GradleDaemon 4.6
java_class_path (initial): C:\Users\feixiang\.gradle\wrapper\dists\gradle-4.6-all\bcst21l2brirad8k2ben1letg\gradle-4.6\lib\gradle-launcher-4.6.jar
Launcher Type: SUN_STANDARD

Environment Variables:
JAVA_HOME=C:\Program Files\Java\jdk1.8.0_45
CLASSPATH=C:\Program Files\Java\jdk1.8.0_45\lib\dt.jar;C:\Program Files\Java\jdk1.8.0_45\lib\tools.jar
PATH=C:\ProgramData\Oracle\Java\javapath;C:\Program Files (x86)\Java\jdk1.7.0_02\bin;C:\Program Files\TortoiseSVN\bin;C:\Program Files\Java\jdk1.8.0_45\bin;C:\Program Files\Java\jdk1.8.0_45\jre\bin;D:\web\apache-tomcat-7.0.35-windows64\apache-tomcat-7.0.35\lib;D:\web\apache-tomcat-7.0.35-windows64\apache-tomcat-7.0.35\bin;C:\Windows\system32;C:\Windows;C:\Windows\system32\wbem;C:\Program Files\MySQL\MySQL Server 5.6\bin;D:\web\apache-tomcat-7.0.35-windows64\apache-tomcat-7.0.35\bin;C:\Program Files\Git\cmd;C:\Program Files\Git\bin
USERNAME=feixiang
OS=Windows_NT
PROCESSOR_IDENTIFIER=Intel64 Family 6 Model 69 Stepping 1, GenuineIntel



---------------  S Y S T E M  ---------------

OS: Windows 7 , 64 bit Build 7601 (6.1.7601.23796)

CPU:total 4 (2 cores per cpu, 2 threads per core) family 6 model 69 stepping 1, cmov, cx8, fxsr, mmx, sse, sse2, sse3, ssse3, sse4.1, sse4.2, popcnt, avx, avx2, aes, clmul, erms, lzcnt, ht, tsc, tscinvbit, bmi1, bmi2

Memory: 4k page, physical 8122612k(709308k free), swap 8120752k(5168k free)

vm_info: Java HotSpot(TM) 64-Bit Server VM (25.45-b02) for windows-amd64 JRE (1.8.0_45-b15), built on Apr 30 2015 12:40:44 by "java_re" with MS VC++ 10.0 (VS2010)

time: Sat Dec 01 21:00:20 2018
elapsed time: 6722 seconds (0d 1h 52m 2s)

